<?xml version="1.0" encoding="UTF-8"?>
<!-- Generated by org.testng.reporters.JUnitReportReporter -->
<testsuite hostname="DESKTOP-LDIQ5RT" failures="0" tests="1" name="Apache_POI.dt04" time="2.460" errors="0" timestamp="2022-01-15T18:34:42 IST" skipped="0">
  <testcase classname="Apache_POI.dt04" name="dpt" time="2.460"/>
</testsuite> <!-- Apache_POI.dt04 -->
