<?xml version="1.0" encoding="UTF-8"?>
<!-- Generated by org.testng.reporters.JUnitReportReporter -->
<testsuite hostname="DESKTOP-LDIQ5RT" failures="0" tests="15" name="Freshworks.Freshworks.Test01" time="0.079" errors="0" timestamp="2021-10-08T22:09:29 IST" skipped="0">
  <testcase classname="Freshworks.Freshworks.Test01" name="tst" time="0.000"/>
  <system-out/>
  <testcase classname="Freshworks.Freshworks.Test01" name="Checkingmavencommand" time="0.016"/>
  <system-out/>
  <testcase classname="Freshworks.Freshworks.Test01" name="ff" time="0.016"/>
  <system-out/>
  <testcase classname="Freshworks.Freshworks.Test01" name="Checkingmavencommand" time="0.016"/>
  <system-out/>
  <testcase classname="Freshworks.Freshworks.Test01" name="FreshTest" time="0.000"/>
  <system-out/>
  <testcase classname="Freshworks.Freshworks.Test01" name="ff" time="0.016"/>
  <system-out/>
  <testcase classname="Freshworks.Freshworks.Test01" name="NitinTest" time="0.000"/>
  <system-out/>
  <testcase classname="Freshworks.Freshworks.Test01" name="FreshTest" time="0.000"/>
  <system-out/>
  <testcase classname="Freshworks.Freshworks.Test01" name="FreshTest" time="0.015"/>
  <system-out/>
  <testcase classname="Freshworks.Freshworks.Test01" name="NitinTest" time="0.000"/>
  <system-out/>
  <testcase classname="Freshworks.Freshworks.Test01" name="tst" time="0.000"/>
  <system-out/>
  <testcase classname="Freshworks.Freshworks.Test01" name="NitinTest" time="0.000"/>
  <system-out/>
  <testcase classname="Freshworks.Freshworks.Test01" name="tst" time="0.000"/>
  <system-out/>
  <testcase classname="Freshworks.Freshworks.Test01" name="Checkingmavencommand" time="0.000"/>
  <system-out/>
  <testcase classname="Freshworks.Freshworks.Test01" name="ff" time="0.000"/>
  <system-out/>
</testsuite> <!-- Freshworks.Freshworks.Test01 -->
