<?xml version="1.0" encoding="UTF-8"?>
<!-- Generated by org.testng.reporters.JUnitReportReporter -->
<testsuite hostname="DESKTOP-LDIQ5RT" failures="0" tests="3" name="Freshworks.Freshworks.Test01" time="0.229" errors="0" timestamp="2021-09-30T19:21:26 IST" skipped="0">
  <testcase classname="Freshworks.Freshworks.Test01" name="tst" time="0.000"/>
  <system-out/>
  <testcase classname="Freshworks.Freshworks.Test01" name="tst" time="0.219"/>
  <system-out/>
  <testcase classname="Freshworks.Freshworks.Test01" name="tst" time="0.010"/>
  <system-out/>
</testsuite> <!-- Freshworks.Freshworks.Test01 -->
