<?xml version="1.0" encoding="UTF-8"?>
<!-- Generated by org.testng.reporters.JUnitReportReporter -->
<testsuite hostname="DESKTOP-LDIQ5RT" failures="0" tests="1" name="pRACTICE.sep25_02" time="0.014" errors="0" timestamp="2021-09-30T19:16:28 IST" skipped="0">
  <testcase classname="pRACTICE.sep25_02" name="ff" time="0.014"/>
  <system-out/>
</testsuite> <!-- pRACTICE.sep25_02 -->
