<?xml version="1.0" encoding="UTF-8"?>
<!-- Generated by org.testng.reporters.JUnitReportReporter -->
<testsuite hostname="DESKTOP-LDIQ5RT" failures="0" tests="1" name="Freshworks.Freshworks.Test02" time="1.504" errors="0" timestamp="2021-10-09T14:58:33 IST" skipped="0">
  <testcase classname="Freshworks.Freshworks.Test02" name="runit" time="1.504"/>
  <system-out/>
</testsuite> <!-- Freshworks.Freshworks.Test02 -->
