<?xml version="1.0" encoding="UTF-8"?>
<!-- Generated by org.testng.reporters.JUnitReportReporter -->
<testsuite hostname="DESKTOP-LDIQ5RT" failures="0" tests="1" name="Freshworks.Freshworks.Test02" time="0.000" errors="0" timestamp="2021-08-24T18:59:04 IST" skipped="0">
  <testcase classname="Freshworks.Freshworks.Test02" name="chkp" time="0.000"/>
  <system-out/>
</testsuite> <!-- Freshworks.Freshworks.Test02 -->
