<?xml version="1.0" encoding="UTF-8"?>
<!-- Generated by org.testng.reporters.JUnitReportReporter -->
<testsuite hostname="DESKTOP-LDIQ5RT" failures="0" tests="1" name="Freshworks.Freshworks.Test01" time="0.016" errors="0" timestamp="2021-09-30T20:08:40 IST" skipped="0">
  <testcase classname="Freshworks.Freshworks.Test01" name="NitinTest" time="0.016"/>
  <system-out/>
</testsuite> <!-- Freshworks.Freshworks.Test01 -->
